0.357143 0.535714
0.377358 0.566038
0.38835 0.582524
0.394089 0.591133
0.397022 0.595533
0.398506 0.597758
0.399252 0.598877
0.399626 0.599438
0.399813 0.599719
0.399907 0.599859
0.399954 0.599929
0.399978 0.599964
0.39999 0.599981
0.399997 0.599989
0.4 0.599993
0.400002 0.599994
0.400003 0.599995
0.400003 0.599996
0.400004 0.599996
0.400004 0.599996
0.400004 0.599996
0.400004 0.599996
0.400004 0.599996
0.400004 0.599996
0.400004 0.599996
0.400004 0.599996
0.400004 0.599996
0.400004 0.599996
0.400004 0.599996
0.400004 0.599996
0.400004 0.599996
0.400004 0.599996
0.400004 0.599996
0.400004 0.599996
0.400004 0.599996
0.400004 0.599996
0.400004 0.599996
0.400004 0.599996
0.400004 0.599996
