   0  $accept : %entry% $end

   1  toplevel : expr SEMISEMI
   2           | toplevel_dec_chain SEMISEMI
   3           | LET REC rec_dec SEMISEMI
   4           | SEMISEMI
   5           | SHARP QUIT SEMISEMI

   6  toplevel_dec_chain : dec
   7                     | dec toplevel_dec_chain

   8  arg : EQ expr
   9      | var arg

  10  dec : LET var arg
  11      | LET var arg dec_and

  12  dec_and : AND var arg
  13          | AND var arg dec_and

  14  rec_dec : var var arg
  15          | var var arg AND rec_dec

  16  expr : dec IN expr
  17       | LET REC rec_dec IN expr
  18       | LET WILDCARD EQ expr IN expr
  19       | expr SEMI expr
  20       | IF expr THEN expr ELSE expr
  21       | FUN fun_expr
  22       | expr EQ expr
  23       | expr LT expr
  24       | arith_expr
  25       | bool_expr
  26       | MATCH expr WITH cases
  27       | MATCH expr WITH BAR cases
  28       | list_expr
  29       | expr ASSIGN expr
  30       | WHILE expr DO expr DONE
  31       | FOR var EQ expr TO expr DO expr DONE

  32  list_expr : expr CONS expr

  33  fun_expr : var ARROW expr
  34           | var fun_expr

  35  arith_expr : arith_expr PLUS factor_expr
  36             | arith_expr MINUS factor_expr
  37             | factor_expr

  38  bool_expr : expr LAND expr
  39            | expr LOR expr

  40  factor_expr : factor_expr TIMES app_expr
  41              | factor_expr DIV app_expr
  42              | app_expr

  43  app_expr : app_expr atomic_expr
  44           | EXCLAMATION atomic_expr
  45           | atomic_expr

  46  atomic_expr : INT
  47              | BOOL
  48              | ID
  49              | LPAR expr RPAR
  50              | LPAR RPAR
  51              | LBRACKET list_rec
  52              | LBRACKET RBRACKET
  53              | LPAR expr COMMA expr RPAR

  54  list_rec : expr RBRACKET
  55           | expr SEMI list_rec

  56  var : ID

  57  cases : pattern ARROW expr
  58        | pattern ARROW expr BAR cases

  59  pattern : atomic_pattern CONS pattern
  60          | atomic_pattern

  61  atomic_pattern : INT
  62                 | BOOL
  63                 | var
  64                 | WILDCARD
  65                 | LPAR pattern COMMA pattern RPAR
  66                 | LBRACKET RBRACKET
  67                 | LPAR pattern RPAR

  68  %entry% : '\001' toplevel

state 0
	$accept : . %entry% $end  (0)

	'\001'  shift 1
	.  error

	%entry%  goto 2


state 1
	%entry% : '\001' . toplevel  (68)

	INT  shift 3
	BOOL  shift 4
	ID  shift 5
	LET  shift 6
	IF  shift 7
	LPAR  shift 8
	LBRACKET  shift 9
	MATCH  shift 10
	SEMISEMI  shift 11
	FUN  shift 12
	FOR  shift 13
	WHILE  shift 14
	EXCLAMATION  shift 15
	SHARP  shift 16
	.  error

	toplevel  goto 17
	expr  goto 18
	toplevel_dec_chain  goto 19
	dec  goto 20
	arith_expr  goto 21
	bool_expr  goto 22
	list_expr  goto 23
	factor_expr  goto 24
	app_expr  goto 25
	atomic_expr  goto 26


state 2
	$accept : %entry% . $end  (0)

	$end  accept


state 3
	atomic_expr : INT .  (46)

	.  reduce 46


state 4
	atomic_expr : BOOL .  (47)

	.  reduce 47


state 5
	atomic_expr : ID .  (48)

	.  reduce 48


state 6
	toplevel : LET . REC rec_dec SEMISEMI  (3)
	dec : LET . var arg  (10)
	dec : LET . var arg dec_and  (11)
	expr : LET . REC rec_dec IN expr  (17)
	expr : LET . WILDCARD EQ expr IN expr  (18)

	ID  shift 27
	REC  shift 28
	WILDCARD  shift 29
	.  error

	var  goto 30


state 7
	expr : IF . expr THEN expr ELSE expr  (20)

	INT  shift 3
	BOOL  shift 4
	ID  shift 5
	LET  shift 31
	IF  shift 7
	LPAR  shift 8
	LBRACKET  shift 9
	MATCH  shift 10
	FUN  shift 12
	FOR  shift 13
	WHILE  shift 14
	EXCLAMATION  shift 15
	.  error

	expr  goto 32
	dec  goto 33
	arith_expr  goto 21
	bool_expr  goto 22
	list_expr  goto 23
	factor_expr  goto 24
	app_expr  goto 25
	atomic_expr  goto 26


state 8
	atomic_expr : LPAR . expr RPAR  (49)
	atomic_expr : LPAR . RPAR  (50)
	atomic_expr : LPAR . expr COMMA expr RPAR  (53)

	INT  shift 3
	BOOL  shift 4
	ID  shift 5
	LET  shift 31
	IF  shift 7
	LPAR  shift 8
	RPAR  shift 34
	LBRACKET  shift 9
	MATCH  shift 10
	FUN  shift 12
	FOR  shift 13
	WHILE  shift 14
	EXCLAMATION  shift 15
	.  error

	expr  goto 35
	dec  goto 33
	arith_expr  goto 21
	bool_expr  goto 22
	list_expr  goto 23
	factor_expr  goto 24
	app_expr  goto 25
	atomic_expr  goto 26


state 9
	atomic_expr : LBRACKET . list_rec  (51)
	atomic_expr : LBRACKET . RBRACKET  (52)

	INT  shift 3
	BOOL  shift 4
	ID  shift 5
	LET  shift 31
	IF  shift 7
	LPAR  shift 8
	LBRACKET  shift 9
	RBRACKET  shift 36
	MATCH  shift 10
	FUN  shift 12
	FOR  shift 13
	WHILE  shift 14
	EXCLAMATION  shift 15
	.  error

	expr  goto 37
	dec  goto 33
	arith_expr  goto 21
	bool_expr  goto 22
	list_expr  goto 23
	factor_expr  goto 24
	app_expr  goto 25
	atomic_expr  goto 26
	list_rec  goto 38


state 10
	expr : MATCH . expr WITH cases  (26)
	expr : MATCH . expr WITH BAR cases  (27)

	INT  shift 3
	BOOL  shift 4
	ID  shift 5
	LET  shift 31
	IF  shift 7
	LPAR  shift 8
	LBRACKET  shift 9
	MATCH  shift 10
	FUN  shift 12
	FOR  shift 13
	WHILE  shift 14
	EXCLAMATION  shift 15
	.  error

	expr  goto 39
	dec  goto 33
	arith_expr  goto 21
	bool_expr  goto 22
	list_expr  goto 23
	factor_expr  goto 24
	app_expr  goto 25
	atomic_expr  goto 26


state 11
	toplevel : SEMISEMI .  (4)

	.  reduce 4


state 12
	expr : FUN . fun_expr  (21)

	ID  shift 27
	.  error

	var  goto 40
	fun_expr  goto 41


state 13
	expr : FOR . var EQ expr TO expr DO expr DONE  (31)

	ID  shift 27
	.  error

	var  goto 42


state 14
	expr : WHILE . expr DO expr DONE  (30)

	INT  shift 3
	BOOL  shift 4
	ID  shift 5
	LET  shift 31
	IF  shift 7
	LPAR  shift 8
	LBRACKET  shift 9
	MATCH  shift 10
	FUN  shift 12
	FOR  shift 13
	WHILE  shift 14
	EXCLAMATION  shift 15
	.  error

	expr  goto 43
	dec  goto 33
	arith_expr  goto 21
	bool_expr  goto 22
	list_expr  goto 23
	factor_expr  goto 24
	app_expr  goto 25
	atomic_expr  goto 26


state 15
	app_expr : EXCLAMATION . atomic_expr  (44)

	INT  shift 3
	BOOL  shift 4
	ID  shift 5
	LPAR  shift 8
	LBRACKET  shift 9
	.  error

	atomic_expr  goto 44


state 16
	toplevel : SHARP . QUIT SEMISEMI  (5)

	QUIT  shift 45
	.  error


state 17
	%entry% : '\001' toplevel .  (68)

	.  reduce 68


state 18
	toplevel : expr . SEMISEMI  (1)
	expr : expr . SEMI expr  (19)
	expr : expr . EQ expr  (22)
	expr : expr . LT expr  (23)
	expr : expr . ASSIGN expr  (29)
	list_expr : expr . CONS expr  (32)
	bool_expr : expr . LAND expr  (38)
	bool_expr : expr . LOR expr  (39)

	LAND  shift 46
	LOR  shift 47
	EQ  shift 48
	LT  shift 49
	CONS  shift 50
	SEMI  shift 51
	SEMISEMI  shift 52
	ASSIGN  shift 53
	.  error


state 19
	toplevel : toplevel_dec_chain . SEMISEMI  (2)

	SEMISEMI  shift 54
	.  error


state 20
	toplevel_dec_chain : dec .  (6)
	toplevel_dec_chain : dec . toplevel_dec_chain  (7)
	expr : dec . IN expr  (16)

	LET  shift 55
	IN  shift 56
	SEMISEMI  reduce 6

	toplevel_dec_chain  goto 57
	dec  goto 58


state 21
	expr : arith_expr .  (24)
	arith_expr : arith_expr . PLUS factor_expr  (35)
	arith_expr : arith_expr . MINUS factor_expr  (36)

	PLUS  shift 59
	MINUS  shift 60
	LET  reduce 24
	IN  reduce 24
	AND  reduce 24
	LAND  reduce 24
	LOR  reduce 24
	EQ  reduce 24
	LT  reduce 24
	THEN  reduce 24
	ELSE  reduce 24
	RPAR  reduce 24
	RBRACKET  reduce 24
	CONS  reduce 24
	COMMA  reduce 24
	SEMI  reduce 24
	WITH  reduce 24
	BAR  reduce 24
	SEMISEMI  reduce 24
	DO  reduce 24
	DONE  reduce 24
	TO  reduce 24
	ASSIGN  reduce 24


state 22
	expr : bool_expr .  (25)

	.  reduce 25


state 23
	expr : list_expr .  (28)

	.  reduce 28


state 24
	arith_expr : factor_expr .  (37)
	factor_expr : factor_expr . TIMES app_expr  (40)
	factor_expr : factor_expr . DIV app_expr  (41)

	TIMES  shift 61
	DIV  shift 62
	LET  reduce 37
	IN  reduce 37
	AND  reduce 37
	PLUS  reduce 37
	MINUS  reduce 37
	LAND  reduce 37
	LOR  reduce 37
	EQ  reduce 37
	LT  reduce 37
	THEN  reduce 37
	ELSE  reduce 37
	RPAR  reduce 37
	RBRACKET  reduce 37
	CONS  reduce 37
	COMMA  reduce 37
	SEMI  reduce 37
	WITH  reduce 37
	BAR  reduce 37
	SEMISEMI  reduce 37
	DO  reduce 37
	DONE  reduce 37
	TO  reduce 37
	ASSIGN  reduce 37


state 25
	factor_expr : app_expr .  (42)
	app_expr : app_expr . atomic_expr  (43)

	INT  shift 3
	BOOL  shift 4
	ID  shift 5
	LPAR  shift 8
	LBRACKET  shift 9
	LET  reduce 42
	IN  reduce 42
	AND  reduce 42
	PLUS  reduce 42
	TIMES  reduce 42
	MINUS  reduce 42
	DIV  reduce 42
	LAND  reduce 42
	LOR  reduce 42
	EQ  reduce 42
	LT  reduce 42
	THEN  reduce 42
	ELSE  reduce 42
	RPAR  reduce 42
	RBRACKET  reduce 42
	CONS  reduce 42
	COMMA  reduce 42
	SEMI  reduce 42
	WITH  reduce 42
	BAR  reduce 42
	SEMISEMI  reduce 42
	DO  reduce 42
	DONE  reduce 42
	TO  reduce 42
	ASSIGN  reduce 42

	atomic_expr  goto 63


state 26
	app_expr : atomic_expr .  (45)

	.  reduce 45


state 27
	var : ID .  (56)

	.  reduce 56


state 28
	toplevel : LET REC . rec_dec SEMISEMI  (3)
	expr : LET REC . rec_dec IN expr  (17)

	ID  shift 27
	.  error

	rec_dec  goto 64
	var  goto 65


state 29
	expr : LET WILDCARD . EQ expr IN expr  (18)

	EQ  shift 66
	.  error


state 30
	dec : LET var . arg  (10)
	dec : LET var . arg dec_and  (11)

	ID  shift 27
	EQ  shift 67
	.  error

	arg  goto 68
	var  goto 69


state 31
	dec : LET . var arg  (10)
	dec : LET . var arg dec_and  (11)
	expr : LET . REC rec_dec IN expr  (17)
	expr : LET . WILDCARD EQ expr IN expr  (18)

	ID  shift 27
	REC  shift 70
	WILDCARD  shift 29
	.  error

	var  goto 30


state 32
	expr : expr . SEMI expr  (19)
	expr : IF expr . THEN expr ELSE expr  (20)
	expr : expr . EQ expr  (22)
	expr : expr . LT expr  (23)
	expr : expr . ASSIGN expr  (29)
	list_expr : expr . CONS expr  (32)
	bool_expr : expr . LAND expr  (38)
	bool_expr : expr . LOR expr  (39)

	LAND  shift 46
	LOR  shift 47
	EQ  shift 48
	LT  shift 49
	THEN  shift 71
	CONS  shift 50
	SEMI  shift 51
	ASSIGN  shift 53
	.  error


state 33
	expr : dec . IN expr  (16)

	IN  shift 56
	.  error


state 34
	atomic_expr : LPAR RPAR .  (50)

	.  reduce 50


state 35
	expr : expr . SEMI expr  (19)
	expr : expr . EQ expr  (22)
	expr : expr . LT expr  (23)
	expr : expr . ASSIGN expr  (29)
	list_expr : expr . CONS expr  (32)
	bool_expr : expr . LAND expr  (38)
	bool_expr : expr . LOR expr  (39)
	atomic_expr : LPAR expr . RPAR  (49)
	atomic_expr : LPAR expr . COMMA expr RPAR  (53)

	LAND  shift 46
	LOR  shift 47
	EQ  shift 48
	LT  shift 49
	RPAR  shift 72
	CONS  shift 50
	COMMA  shift 73
	SEMI  shift 51
	ASSIGN  shift 53
	.  error


state 36
	atomic_expr : LBRACKET RBRACKET .  (52)

	.  reduce 52


state 37
	expr : expr . SEMI expr  (19)
	expr : expr . EQ expr  (22)
	expr : expr . LT expr  (23)
	expr : expr . ASSIGN expr  (29)
	list_expr : expr . CONS expr  (32)
	bool_expr : expr . LAND expr  (38)
	bool_expr : expr . LOR expr  (39)
	list_rec : expr . RBRACKET  (54)
	list_rec : expr . SEMI list_rec  (55)

	LAND  shift 46
	LOR  shift 47
	EQ  shift 48
	LT  shift 49
	RBRACKET  shift 74
	CONS  shift 50
	SEMI  shift 75
	ASSIGN  shift 53
	.  error


state 38
	atomic_expr : LBRACKET list_rec .  (51)

	.  reduce 51


state 39
	expr : expr . SEMI expr  (19)
	expr : expr . EQ expr  (22)
	expr : expr . LT expr  (23)
	expr : MATCH expr . WITH cases  (26)
	expr : MATCH expr . WITH BAR cases  (27)
	expr : expr . ASSIGN expr  (29)
	list_expr : expr . CONS expr  (32)
	bool_expr : expr . LAND expr  (38)
	bool_expr : expr . LOR expr  (39)

	LAND  shift 46
	LOR  shift 47
	EQ  shift 48
	LT  shift 49
	CONS  shift 50
	SEMI  shift 51
	WITH  shift 76
	ASSIGN  shift 53
	.  error


state 40
	fun_expr : var . ARROW expr  (33)
	fun_expr : var . fun_expr  (34)

	ID  shift 27
	ARROW  shift 77
	.  error

	var  goto 40
	fun_expr  goto 78


state 41
	expr : FUN fun_expr .  (21)

	.  reduce 21


state 42
	expr : FOR var . EQ expr TO expr DO expr DONE  (31)

	EQ  shift 79
	.  error


state 43
	expr : expr . SEMI expr  (19)
	expr : expr . EQ expr  (22)
	expr : expr . LT expr  (23)
	expr : expr . ASSIGN expr  (29)
	expr : WHILE expr . DO expr DONE  (30)
	list_expr : expr . CONS expr  (32)
	bool_expr : expr . LAND expr  (38)
	bool_expr : expr . LOR expr  (39)

	LAND  shift 46
	LOR  shift 47
	EQ  shift 48
	LT  shift 49
	CONS  shift 50
	SEMI  shift 51
	DO  shift 80
	ASSIGN  shift 53
	.  error


state 44
	app_expr : EXCLAMATION atomic_expr .  (44)

	.  reduce 44


state 45
	toplevel : SHARP QUIT . SEMISEMI  (5)

	SEMISEMI  shift 81
	.  error


state 46
	bool_expr : expr LAND . expr  (38)

	INT  shift 3
	BOOL  shift 4
	ID  shift 5
	LET  shift 31
	IF  shift 7
	LPAR  shift 8
	LBRACKET  shift 9
	MATCH  shift 10
	FUN  shift 12
	FOR  shift 13
	WHILE  shift 14
	EXCLAMATION  shift 15
	.  error

	expr  goto 82
	dec  goto 33
	arith_expr  goto 21
	bool_expr  goto 22
	list_expr  goto 23
	factor_expr  goto 24
	app_expr  goto 25
	atomic_expr  goto 26


state 47
	bool_expr : expr LOR . expr  (39)

	INT  shift 3
	BOOL  shift 4
	ID  shift 5
	LET  shift 31
	IF  shift 7
	LPAR  shift 8
	LBRACKET  shift 9
	MATCH  shift 10
	FUN  shift 12
	FOR  shift 13
	WHILE  shift 14
	EXCLAMATION  shift 15
	.  error

	expr  goto 83
	dec  goto 33
	arith_expr  goto 21
	bool_expr  goto 22
	list_expr  goto 23
	factor_expr  goto 24
	app_expr  goto 25
	atomic_expr  goto 26


state 48
	expr : expr EQ . expr  (22)

	INT  shift 3
	BOOL  shift 4
	ID  shift 5
	LET  shift 31
	IF  shift 7
	LPAR  shift 8
	LBRACKET  shift 9
	MATCH  shift 10
	FUN  shift 12
	FOR  shift 13
	WHILE  shift 14
	EXCLAMATION  shift 15
	.  error

	expr  goto 84
	dec  goto 33
	arith_expr  goto 21
	bool_expr  goto 22
	list_expr  goto 23
	factor_expr  goto 24
	app_expr  goto 25
	atomic_expr  goto 26


state 49
	expr : expr LT . expr  (23)

	INT  shift 3
	BOOL  shift 4
	ID  shift 5
	LET  shift 31
	IF  shift 7
	LPAR  shift 8
	LBRACKET  shift 9
	MATCH  shift 10
	FUN  shift 12
	FOR  shift 13
	WHILE  shift 14
	EXCLAMATION  shift 15
	.  error

	expr  goto 85
	dec  goto 33
	arith_expr  goto 21
	bool_expr  goto 22
	list_expr  goto 23
	factor_expr  goto 24
	app_expr  goto 25
	atomic_expr  goto 26


state 50
	list_expr : expr CONS . expr  (32)

	INT  shift 3
	BOOL  shift 4
	ID  shift 5
	LET  shift 31
	IF  shift 7
	LPAR  shift 8
	LBRACKET  shift 9
	MATCH  shift 10
	FUN  shift 12
	FOR  shift 13
	WHILE  shift 14
	EXCLAMATION  shift 15
	.  error

	expr  goto 86
	dec  goto 33
	arith_expr  goto 21
	bool_expr  goto 22
	list_expr  goto 23
	factor_expr  goto 24
	app_expr  goto 25
	atomic_expr  goto 26


state 51
	expr : expr SEMI . expr  (19)

	INT  shift 3
	BOOL  shift 4
	ID  shift 5
	LET  shift 31
	IF  shift 7
	LPAR  shift 8
	LBRACKET  shift 9
	MATCH  shift 10
	FUN  shift 12
	FOR  shift 13
	WHILE  shift 14
	EXCLAMATION  shift 15
	.  error

	expr  goto 87
	dec  goto 33
	arith_expr  goto 21
	bool_expr  goto 22
	list_expr  goto 23
	factor_expr  goto 24
	app_expr  goto 25
	atomic_expr  goto 26


state 52
	toplevel : expr SEMISEMI .  (1)

	.  reduce 1


state 53
	expr : expr ASSIGN . expr  (29)

	INT  shift 3
	BOOL  shift 4
	ID  shift 5
	LET  shift 31
	IF  shift 7
	LPAR  shift 8
	LBRACKET  shift 9
	MATCH  shift 10
	FUN  shift 12
	FOR  shift 13
	WHILE  shift 14
	EXCLAMATION  shift 15
	.  error

	expr  goto 88
	dec  goto 33
	arith_expr  goto 21
	bool_expr  goto 22
	list_expr  goto 23
	factor_expr  goto 24
	app_expr  goto 25
	atomic_expr  goto 26


state 54
	toplevel : toplevel_dec_chain SEMISEMI .  (2)

	.  reduce 2


state 55
	dec : LET . var arg  (10)
	dec : LET . var arg dec_and  (11)

	ID  shift 27
	.  error

	var  goto 30


state 56
	expr : dec IN . expr  (16)

	INT  shift 3
	BOOL  shift 4
	ID  shift 5
	LET  shift 31
	IF  shift 7
	LPAR  shift 8
	LBRACKET  shift 9
	MATCH  shift 10
	FUN  shift 12
	FOR  shift 13
	WHILE  shift 14
	EXCLAMATION  shift 15
	.  error

	expr  goto 89
	dec  goto 33
	arith_expr  goto 21
	bool_expr  goto 22
	list_expr  goto 23
	factor_expr  goto 24
	app_expr  goto 25
	atomic_expr  goto 26


state 57
	toplevel_dec_chain : dec toplevel_dec_chain .  (7)

	.  reduce 7


state 58
	toplevel_dec_chain : dec .  (6)
	toplevel_dec_chain : dec . toplevel_dec_chain  (7)

	LET  shift 55
	SEMISEMI  reduce 6

	toplevel_dec_chain  goto 57
	dec  goto 58


state 59
	arith_expr : arith_expr PLUS . factor_expr  (35)

	INT  shift 3
	BOOL  shift 4
	ID  shift 5
	LPAR  shift 8
	LBRACKET  shift 9
	EXCLAMATION  shift 15
	.  error

	factor_expr  goto 90
	app_expr  goto 25
	atomic_expr  goto 26


state 60
	arith_expr : arith_expr MINUS . factor_expr  (36)

	INT  shift 3
	BOOL  shift 4
	ID  shift 5
	LPAR  shift 8
	LBRACKET  shift 9
	EXCLAMATION  shift 15
	.  error

	factor_expr  goto 91
	app_expr  goto 25
	atomic_expr  goto 26


state 61
	factor_expr : factor_expr TIMES . app_expr  (40)

	INT  shift 3
	BOOL  shift 4
	ID  shift 5
	LPAR  shift 8
	LBRACKET  shift 9
	EXCLAMATION  shift 15
	.  error

	app_expr  goto 92
	atomic_expr  goto 26


state 62
	factor_expr : factor_expr DIV . app_expr  (41)

	INT  shift 3
	BOOL  shift 4
	ID  shift 5
	LPAR  shift 8
	LBRACKET  shift 9
	EXCLAMATION  shift 15
	.  error

	app_expr  goto 93
	atomic_expr  goto 26


state 63
	app_expr : app_expr atomic_expr .  (43)

	.  reduce 43


state 64
	toplevel : LET REC rec_dec . SEMISEMI  (3)
	expr : LET REC rec_dec . IN expr  (17)

	IN  shift 94
	SEMISEMI  shift 95
	.  error


state 65
	rec_dec : var . var arg  (14)
	rec_dec : var . var arg AND rec_dec  (15)

	ID  shift 27
	.  error

	var  goto 96


state 66
	expr : LET WILDCARD EQ . expr IN expr  (18)

	INT  shift 3
	BOOL  shift 4
	ID  shift 5
	LET  shift 31
	IF  shift 7
	LPAR  shift 8
	LBRACKET  shift 9
	MATCH  shift 10
	FUN  shift 12
	FOR  shift 13
	WHILE  shift 14
	EXCLAMATION  shift 15
	.  error

	expr  goto 97
	dec  goto 33
	arith_expr  goto 21
	bool_expr  goto 22
	list_expr  goto 23
	factor_expr  goto 24
	app_expr  goto 25
	atomic_expr  goto 26


state 67
	arg : EQ . expr  (8)

	INT  shift 3
	BOOL  shift 4
	ID  shift 5
	LET  shift 31
	IF  shift 7
	LPAR  shift 8
	LBRACKET  shift 9
	MATCH  shift 10
	FUN  shift 12
	FOR  shift 13
	WHILE  shift 14
	EXCLAMATION  shift 15
	.  error

	expr  goto 98
	dec  goto 33
	arith_expr  goto 21
	bool_expr  goto 22
	list_expr  goto 23
	factor_expr  goto 24
	app_expr  goto 25
	atomic_expr  goto 26


state 68
	dec : LET var arg .  (10)
	dec : LET var arg . dec_and  (11)

	AND  shift 99
	LET  reduce 10
	IN  reduce 10
	SEMISEMI  reduce 10

	dec_and  goto 100


state 69
	arg : var . arg  (9)

	ID  shift 27
	EQ  shift 67
	.  error

	arg  goto 101
	var  goto 69


state 70
	expr : LET REC . rec_dec IN expr  (17)

	ID  shift 27
	.  error

	rec_dec  goto 102
	var  goto 65


state 71
	expr : IF expr THEN . expr ELSE expr  (20)

	INT  shift 3
	BOOL  shift 4
	ID  shift 5
	LET  shift 31
	IF  shift 7
	LPAR  shift 8
	LBRACKET  shift 9
	MATCH  shift 10
	FUN  shift 12
	FOR  shift 13
	WHILE  shift 14
	EXCLAMATION  shift 15
	.  error

	expr  goto 103
	dec  goto 33
	arith_expr  goto 21
	bool_expr  goto 22
	list_expr  goto 23
	factor_expr  goto 24
	app_expr  goto 25
	atomic_expr  goto 26


state 72
	atomic_expr : LPAR expr RPAR .  (49)

	.  reduce 49


state 73
	atomic_expr : LPAR expr COMMA . expr RPAR  (53)

	INT  shift 3
	BOOL  shift 4
	ID  shift 5
	LET  shift 31
	IF  shift 7
	LPAR  shift 8
	LBRACKET  shift 9
	MATCH  shift 10
	FUN  shift 12
	FOR  shift 13
	WHILE  shift 14
	EXCLAMATION  shift 15
	.  error

	expr  goto 104
	dec  goto 33
	arith_expr  goto 21
	bool_expr  goto 22
	list_expr  goto 23
	factor_expr  goto 24
	app_expr  goto 25
	atomic_expr  goto 26


state 74
	list_rec : expr RBRACKET .  (54)

	.  reduce 54


state 75
	expr : expr SEMI . expr  (19)
	list_rec : expr SEMI . list_rec  (55)

	INT  shift 3
	BOOL  shift 4
	ID  shift 5
	LET  shift 31
	IF  shift 7
	LPAR  shift 8
	LBRACKET  shift 9
	MATCH  shift 10
	FUN  shift 12
	FOR  shift 13
	WHILE  shift 14
	EXCLAMATION  shift 15
	.  error

	expr  goto 105
	dec  goto 33
	arith_expr  goto 21
	bool_expr  goto 22
	list_expr  goto 23
	factor_expr  goto 24
	app_expr  goto 25
	atomic_expr  goto 26
	list_rec  goto 106


state 76
	expr : MATCH expr WITH . cases  (26)
	expr : MATCH expr WITH . BAR cases  (27)

	INT  shift 107
	BOOL  shift 108
	ID  shift 27
	LPAR  shift 109
	LBRACKET  shift 110
	BAR  shift 111
	WILDCARD  shift 112
	.  error

	var  goto 113
	cases  goto 114
	pattern  goto 115
	atomic_pattern  goto 116


state 77
	fun_expr : var ARROW . expr  (33)

	INT  shift 3
	BOOL  shift 4
	ID  shift 5
	LET  shift 31
	IF  shift 7
	LPAR  shift 8
	LBRACKET  shift 9
	MATCH  shift 10
	FUN  shift 12
	FOR  shift 13
	WHILE  shift 14
	EXCLAMATION  shift 15
	.  error

	expr  goto 117
	dec  goto 33
	arith_expr  goto 21
	bool_expr  goto 22
	list_expr  goto 23
	factor_expr  goto 24
	app_expr  goto 25
	atomic_expr  goto 26


state 78
	fun_expr : var fun_expr .  (34)

	.  reduce 34


state 79
	expr : FOR var EQ . expr TO expr DO expr DONE  (31)

	INT  shift 3
	BOOL  shift 4
	ID  shift 5
	LET  shift 31
	IF  shift 7
	LPAR  shift 8
	LBRACKET  shift 9
	MATCH  shift 10
	FUN  shift 12
	FOR  shift 13
	WHILE  shift 14
	EXCLAMATION  shift 15
	.  error

	expr  goto 118
	dec  goto 33
	arith_expr  goto 21
	bool_expr  goto 22
	list_expr  goto 23
	factor_expr  goto 24
	app_expr  goto 25
	atomic_expr  goto 26


state 80
	expr : WHILE expr DO . expr DONE  (30)

	INT  shift 3
	BOOL  shift 4
	ID  shift 5
	LET  shift 31
	IF  shift 7
	LPAR  shift 8
	LBRACKET  shift 9
	MATCH  shift 10
	FUN  shift 12
	FOR  shift 13
	WHILE  shift 14
	EXCLAMATION  shift 15
	.  error

	expr  goto 119
	dec  goto 33
	arith_expr  goto 21
	bool_expr  goto 22
	list_expr  goto 23
	factor_expr  goto 24
	app_expr  goto 25
	atomic_expr  goto 26


state 81
	toplevel : SHARP QUIT SEMISEMI .  (5)

	.  reduce 5


state 82
	expr : expr . SEMI expr  (19)
	expr : expr . EQ expr  (22)
	expr : expr . LT expr  (23)
	expr : expr . ASSIGN expr  (29)
	list_expr : expr . CONS expr  (32)
	bool_expr : expr . LAND expr  (38)
	bool_expr : expr LAND expr .  (38)
	bool_expr : expr . LOR expr  (39)

	EQ  shift 48
	LT  shift 49
	LET  reduce 38
	IN  reduce 38
	AND  reduce 38
	LAND  reduce 38
	LOR  reduce 38
	THEN  reduce 38
	ELSE  reduce 38
	RPAR  reduce 38
	RBRACKET  reduce 38
	CONS  reduce 38
	COMMA  reduce 38
	SEMI  reduce 38
	WITH  reduce 38
	BAR  reduce 38
	SEMISEMI  reduce 38
	DO  reduce 38
	DONE  reduce 38
	TO  reduce 38
	ASSIGN  reduce 38


state 83
	expr : expr . SEMI expr  (19)
	expr : expr . EQ expr  (22)
	expr : expr . LT expr  (23)
	expr : expr . ASSIGN expr  (29)
	list_expr : expr . CONS expr  (32)
	bool_expr : expr . LAND expr  (38)
	bool_expr : expr . LOR expr  (39)
	bool_expr : expr LOR expr .  (39)

	LAND  shift 46
	EQ  shift 48
	LT  shift 49
	LET  reduce 39
	IN  reduce 39
	AND  reduce 39
	LOR  reduce 39
	THEN  reduce 39
	ELSE  reduce 39
	RPAR  reduce 39
	RBRACKET  reduce 39
	CONS  reduce 39
	COMMA  reduce 39
	SEMI  reduce 39
	WITH  reduce 39
	BAR  reduce 39
	SEMISEMI  reduce 39
	DO  reduce 39
	DONE  reduce 39
	TO  reduce 39
	ASSIGN  reduce 39


state 84
	expr : expr . SEMI expr  (19)
	expr : expr . EQ expr  (22)
	expr : expr EQ expr .  (22)
	expr : expr . LT expr  (23)
	expr : expr . ASSIGN expr  (29)
	list_expr : expr . CONS expr  (32)
	bool_expr : expr . LAND expr  (38)
	bool_expr : expr . LOR expr  (39)

	.  reduce 22


state 85
	expr : expr . SEMI expr  (19)
	expr : expr . EQ expr  (22)
	expr : expr . LT expr  (23)
	expr : expr LT expr .  (23)
	expr : expr . ASSIGN expr  (29)
	list_expr : expr . CONS expr  (32)
	bool_expr : expr . LAND expr  (38)
	bool_expr : expr . LOR expr  (39)

	.  reduce 23


state 86
	expr : expr . SEMI expr  (19)
	expr : expr . EQ expr  (22)
	expr : expr . LT expr  (23)
	expr : expr . ASSIGN expr  (29)
	list_expr : expr . CONS expr  (32)
	list_expr : expr CONS expr .  (32)
	bool_expr : expr . LAND expr  (38)
	bool_expr : expr . LOR expr  (39)

	LAND  shift 46
	LOR  shift 47
	EQ  shift 48
	LT  shift 49
	CONS  shift 50
	SEMI  shift 51
	ASSIGN  shift 53
	LET  reduce 32
	IN  reduce 32
	AND  reduce 32
	THEN  reduce 32
	ELSE  reduce 32
	RPAR  reduce 32
	RBRACKET  reduce 32
	COMMA  reduce 32
	WITH  reduce 32
	BAR  reduce 32
	SEMISEMI  reduce 32
	DO  reduce 32
	DONE  reduce 32
	TO  reduce 32


state 87
	expr : expr . SEMI expr  (19)
	expr : expr SEMI expr .  (19)
	expr : expr . EQ expr  (22)
	expr : expr . LT expr  (23)
	expr : expr . ASSIGN expr  (29)
	list_expr : expr . CONS expr  (32)
	bool_expr : expr . LAND expr  (38)
	bool_expr : expr . LOR expr  (39)

	LAND  shift 46
	LOR  shift 47
	EQ  shift 48
	LT  shift 49
	SEMI  shift 51
	ASSIGN  shift 53
	LET  reduce 19
	IN  reduce 19
	AND  reduce 19
	THEN  reduce 19
	ELSE  reduce 19
	RPAR  reduce 19
	RBRACKET  reduce 19
	CONS  reduce 19
	COMMA  reduce 19
	WITH  reduce 19
	BAR  reduce 19
	SEMISEMI  reduce 19
	DO  reduce 19
	DONE  reduce 19
	TO  reduce 19


state 88
	expr : expr . SEMI expr  (19)
	expr : expr . EQ expr  (22)
	expr : expr . LT expr  (23)
	expr : expr . ASSIGN expr  (29)
	expr : expr ASSIGN expr .  (29)
	list_expr : expr . CONS expr  (32)
	bool_expr : expr . LAND expr  (38)
	bool_expr : expr . LOR expr  (39)

	LAND  shift 46
	LOR  shift 47
	EQ  shift 48
	LT  shift 49
	ASSIGN  shift 53
	LET  reduce 29
	IN  reduce 29
	AND  reduce 29
	THEN  reduce 29
	ELSE  reduce 29
	RPAR  reduce 29
	RBRACKET  reduce 29
	CONS  reduce 29
	COMMA  reduce 29
	SEMI  reduce 29
	WITH  reduce 29
	BAR  reduce 29
	SEMISEMI  reduce 29
	DO  reduce 29
	DONE  reduce 29
	TO  reduce 29


state 89
	expr : dec IN expr .  (16)
	expr : expr . SEMI expr  (19)
	expr : expr . EQ expr  (22)
	expr : expr . LT expr  (23)
	expr : expr . ASSIGN expr  (29)
	list_expr : expr . CONS expr  (32)
	bool_expr : expr . LAND expr  (38)
	bool_expr : expr . LOR expr  (39)

	LAND  shift 46
	LOR  shift 47
	EQ  shift 48
	LT  shift 49
	SEMI  shift 51
	ASSIGN  shift 53
	LET  reduce 16
	IN  reduce 16
	AND  reduce 16
	THEN  reduce 16
	ELSE  reduce 16
	RPAR  reduce 16
	RBRACKET  reduce 16
	CONS  reduce 16
	COMMA  reduce 16
	WITH  reduce 16
	BAR  reduce 16
	SEMISEMI  reduce 16
	DO  reduce 16
	DONE  reduce 16
	TO  reduce 16


state 90
	arith_expr : arith_expr PLUS factor_expr .  (35)
	factor_expr : factor_expr . TIMES app_expr  (40)
	factor_expr : factor_expr . DIV app_expr  (41)

	TIMES  shift 61
	DIV  shift 62
	LET  reduce 35
	IN  reduce 35
	AND  reduce 35
	PLUS  reduce 35
	MINUS  reduce 35
	LAND  reduce 35
	LOR  reduce 35
	EQ  reduce 35
	LT  reduce 35
	THEN  reduce 35
	ELSE  reduce 35
	RPAR  reduce 35
	RBRACKET  reduce 35
	CONS  reduce 35
	COMMA  reduce 35
	SEMI  reduce 35
	WITH  reduce 35
	BAR  reduce 35
	SEMISEMI  reduce 35
	DO  reduce 35
	DONE  reduce 35
	TO  reduce 35
	ASSIGN  reduce 35


state 91
	arith_expr : arith_expr MINUS factor_expr .  (36)
	factor_expr : factor_expr . TIMES app_expr  (40)
	factor_expr : factor_expr . DIV app_expr  (41)

	TIMES  shift 61
	DIV  shift 62
	LET  reduce 36
	IN  reduce 36
	AND  reduce 36
	PLUS  reduce 36
	MINUS  reduce 36
	LAND  reduce 36
	LOR  reduce 36
	EQ  reduce 36
	LT  reduce 36
	THEN  reduce 36
	ELSE  reduce 36
	RPAR  reduce 36
	RBRACKET  reduce 36
	CONS  reduce 36
	COMMA  reduce 36
	SEMI  reduce 36
	WITH  reduce 36
	BAR  reduce 36
	SEMISEMI  reduce 36
	DO  reduce 36
	DONE  reduce 36
	TO  reduce 36
	ASSIGN  reduce 36


state 92
	factor_expr : factor_expr TIMES app_expr .  (40)
	app_expr : app_expr . atomic_expr  (43)

	INT  shift 3
	BOOL  shift 4
	ID  shift 5
	LPAR  shift 8
	LBRACKET  shift 9
	LET  reduce 40
	IN  reduce 40
	AND  reduce 40
	PLUS  reduce 40
	TIMES  reduce 40
	MINUS  reduce 40
	DIV  reduce 40
	LAND  reduce 40
	LOR  reduce 40
	EQ  reduce 40
	LT  reduce 40
	THEN  reduce 40
	ELSE  reduce 40
	RPAR  reduce 40
	RBRACKET  reduce 40
	CONS  reduce 40
	COMMA  reduce 40
	SEMI  reduce 40
	WITH  reduce 40
	BAR  reduce 40
	SEMISEMI  reduce 40
	DO  reduce 40
	DONE  reduce 40
	TO  reduce 40
	ASSIGN  reduce 40

	atomic_expr  goto 63


state 93
	factor_expr : factor_expr DIV app_expr .  (41)
	app_expr : app_expr . atomic_expr  (43)

	INT  shift 3
	BOOL  shift 4
	ID  shift 5
	LPAR  shift 8
	LBRACKET  shift 9
	LET  reduce 41
	IN  reduce 41
	AND  reduce 41
	PLUS  reduce 41
	TIMES  reduce 41
	MINUS  reduce 41
	DIV  reduce 41
	LAND  reduce 41
	LOR  reduce 41
	EQ  reduce 41
	LT  reduce 41
	THEN  reduce 41
	ELSE  reduce 41
	RPAR  reduce 41
	RBRACKET  reduce 41
	CONS  reduce 41
	COMMA  reduce 41
	SEMI  reduce 41
	WITH  reduce 41
	BAR  reduce 41
	SEMISEMI  reduce 41
	DO  reduce 41
	DONE  reduce 41
	TO  reduce 41
	ASSIGN  reduce 41

	atomic_expr  goto 63


state 94
	expr : LET REC rec_dec IN . expr  (17)

	INT  shift 3
	BOOL  shift 4
	ID  shift 5
	LET  shift 31
	IF  shift 7
	LPAR  shift 8
	LBRACKET  shift 9
	MATCH  shift 10
	FUN  shift 12
	FOR  shift 13
	WHILE  shift 14
	EXCLAMATION  shift 15
	.  error

	expr  goto 120
	dec  goto 33
	arith_expr  goto 21
	bool_expr  goto 22
	list_expr  goto 23
	factor_expr  goto 24
	app_expr  goto 25
	atomic_expr  goto 26


state 95
	toplevel : LET REC rec_dec SEMISEMI .  (3)

	.  reduce 3


state 96
	rec_dec : var var . arg  (14)
	rec_dec : var var . arg AND rec_dec  (15)

	ID  shift 27
	EQ  shift 67
	.  error

	arg  goto 121
	var  goto 69


state 97
	expr : LET WILDCARD EQ expr . IN expr  (18)
	expr : expr . SEMI expr  (19)
	expr : expr . EQ expr  (22)
	expr : expr . LT expr  (23)
	expr : expr . ASSIGN expr  (29)
	list_expr : expr . CONS expr  (32)
	bool_expr : expr . LAND expr  (38)
	bool_expr : expr . LOR expr  (39)

	IN  shift 122
	LAND  shift 46
	LOR  shift 47
	EQ  shift 48
	LT  shift 49
	CONS  shift 50
	SEMI  shift 51
	ASSIGN  shift 53
	.  error


state 98
	arg : EQ expr .  (8)
	expr : expr . SEMI expr  (19)
	expr : expr . EQ expr  (22)
	expr : expr . LT expr  (23)
	expr : expr . ASSIGN expr  (29)
	list_expr : expr . CONS expr  (32)
	bool_expr : expr . LAND expr  (38)
	bool_expr : expr . LOR expr  (39)

	LAND  shift 46
	LOR  shift 47
	EQ  shift 48
	LT  shift 49
	CONS  shift 50
	SEMI  shift 51
	ASSIGN  shift 53
	LET  reduce 8
	IN  reduce 8
	AND  reduce 8
	SEMISEMI  reduce 8


state 99
	dec_and : AND . var arg  (12)
	dec_and : AND . var arg dec_and  (13)

	ID  shift 27
	.  error

	var  goto 123


state 100
	dec : LET var arg dec_and .  (11)

	.  reduce 11


state 101
	arg : var arg .  (9)

	.  reduce 9


state 102
	expr : LET REC rec_dec . IN expr  (17)

	IN  shift 94
	.  error


state 103
	expr : expr . SEMI expr  (19)
	expr : IF expr THEN expr . ELSE expr  (20)
	expr : expr . EQ expr  (22)
	expr : expr . LT expr  (23)
	expr : expr . ASSIGN expr  (29)
	list_expr : expr . CONS expr  (32)
	bool_expr : expr . LAND expr  (38)
	bool_expr : expr . LOR expr  (39)

	LAND  shift 46
	LOR  shift 47
	EQ  shift 48
	LT  shift 49
	ELSE  shift 124
	CONS  shift 50
	SEMI  shift 51
	ASSIGN  shift 53
	.  error


state 104
	expr : expr . SEMI expr  (19)
	expr : expr . EQ expr  (22)
	expr : expr . LT expr  (23)
	expr : expr . ASSIGN expr  (29)
	list_expr : expr . CONS expr  (32)
	bool_expr : expr . LAND expr  (38)
	bool_expr : expr . LOR expr  (39)
	atomic_expr : LPAR expr COMMA expr . RPAR  (53)

	LAND  shift 46
	LOR  shift 47
	EQ  shift 48
	LT  shift 49
	RPAR  shift 125
	CONS  shift 50
	SEMI  shift 51
	ASSIGN  shift 53
	.  error


state 105
	expr : expr . SEMI expr  (19)
	expr : expr SEMI expr .  (19)
	expr : expr . EQ expr  (22)
	expr : expr . LT expr  (23)
	expr : expr . ASSIGN expr  (29)
	list_expr : expr . CONS expr  (32)
	bool_expr : expr . LAND expr  (38)
	bool_expr : expr . LOR expr  (39)
	list_rec : expr . RBRACKET  (54)
	list_rec : expr . SEMI list_rec  (55)

	LAND  shift 46
	LOR  shift 47
	EQ  shift 48
	LT  shift 49
	RBRACKET  shift 74
	SEMI  shift 75
	ASSIGN  shift 53
	CONS  reduce 19


state 106
	list_rec : expr SEMI list_rec .  (55)

	.  reduce 55


state 107
	atomic_pattern : INT .  (61)

	.  reduce 61


state 108
	atomic_pattern : BOOL .  (62)

	.  reduce 62


state 109
	atomic_pattern : LPAR . pattern COMMA pattern RPAR  (65)
	atomic_pattern : LPAR . pattern RPAR  (67)

	INT  shift 107
	BOOL  shift 108
	ID  shift 27
	LPAR  shift 109
	LBRACKET  shift 110
	WILDCARD  shift 112
	.  error

	var  goto 113
	pattern  goto 126
	atomic_pattern  goto 116


state 110
	atomic_pattern : LBRACKET . RBRACKET  (66)

	RBRACKET  shift 127
	.  error


state 111
	expr : MATCH expr WITH BAR . cases  (27)

	INT  shift 107
	BOOL  shift 108
	ID  shift 27
	LPAR  shift 109
	LBRACKET  shift 110
	WILDCARD  shift 112
	.  error

	var  goto 113
	cases  goto 128
	pattern  goto 115
	atomic_pattern  goto 116


state 112
	atomic_pattern : WILDCARD .  (64)

	.  reduce 64


state 113
	atomic_pattern : var .  (63)

	.  reduce 63


state 114
	expr : MATCH expr WITH cases .  (26)

	.  reduce 26


state 115
	cases : pattern . ARROW expr  (57)
	cases : pattern . ARROW expr BAR cases  (58)

	ARROW  shift 129
	.  error


state 116
	pattern : atomic_pattern . CONS pattern  (59)
	pattern : atomic_pattern .  (60)

	CONS  shift 130
	RPAR  reduce 60
	COMMA  reduce 60
	ARROW  reduce 60


state 117
	expr : expr . SEMI expr  (19)
	expr : expr . EQ expr  (22)
	expr : expr . LT expr  (23)
	expr : expr . ASSIGN expr  (29)
	list_expr : expr . CONS expr  (32)
	fun_expr : var ARROW expr .  (33)
	bool_expr : expr . LAND expr  (38)
	bool_expr : expr . LOR expr  (39)

	LAND  shift 46
	LOR  shift 47
	EQ  shift 48
	LT  shift 49
	ASSIGN  shift 53
	LET  reduce 33
	IN  reduce 33
	AND  reduce 33
	THEN  reduce 33
	ELSE  reduce 33
	RPAR  reduce 33
	RBRACKET  reduce 33
	CONS  reduce 33
	COMMA  reduce 33
	SEMI  reduce 33
	WITH  reduce 33
	BAR  reduce 33
	SEMISEMI  reduce 33
	DO  reduce 33
	DONE  reduce 33
	TO  reduce 33


state 118
	expr : expr . SEMI expr  (19)
	expr : expr . EQ expr  (22)
	expr : expr . LT expr  (23)
	expr : expr . ASSIGN expr  (29)
	expr : FOR var EQ expr . TO expr DO expr DONE  (31)
	list_expr : expr . CONS expr  (32)
	bool_expr : expr . LAND expr  (38)
	bool_expr : expr . LOR expr  (39)

	LAND  shift 46
	LOR  shift 47
	EQ  shift 48
	LT  shift 49
	CONS  shift 50
	SEMI  shift 51
	TO  shift 131
	ASSIGN  shift 53
	.  error


state 119
	expr : expr . SEMI expr  (19)
	expr : expr . EQ expr  (22)
	expr : expr . LT expr  (23)
	expr : expr . ASSIGN expr  (29)
	expr : WHILE expr DO expr . DONE  (30)
	list_expr : expr . CONS expr  (32)
	bool_expr : expr . LAND expr  (38)
	bool_expr : expr . LOR expr  (39)

	LAND  shift 46
	LOR  shift 47
	EQ  shift 48
	LT  shift 49
	CONS  shift 50
	SEMI  shift 51
	DONE  shift 132
	ASSIGN  shift 53
	.  error


state 120
	expr : LET REC rec_dec IN expr .  (17)
	expr : expr . SEMI expr  (19)
	expr : expr . EQ expr  (22)
	expr : expr . LT expr  (23)
	expr : expr . ASSIGN expr  (29)
	list_expr : expr . CONS expr  (32)
	bool_expr : expr . LAND expr  (38)
	bool_expr : expr . LOR expr  (39)

	LAND  shift 46
	LOR  shift 47
	EQ  shift 48
	LT  shift 49
	SEMI  shift 51
	ASSIGN  shift 53
	LET  reduce 17
	IN  reduce 17
	AND  reduce 17
	THEN  reduce 17
	ELSE  reduce 17
	RPAR  reduce 17
	RBRACKET  reduce 17
	CONS  reduce 17
	COMMA  reduce 17
	WITH  reduce 17
	BAR  reduce 17
	SEMISEMI  reduce 17
	DO  reduce 17
	DONE  reduce 17
	TO  reduce 17


state 121
	rec_dec : var var arg .  (14)
	rec_dec : var var arg . AND rec_dec  (15)

	AND  shift 133
	IN  reduce 14
	SEMISEMI  reduce 14


state 122
	expr : LET WILDCARD EQ expr IN . expr  (18)

	INT  shift 3
	BOOL  shift 4
	ID  shift 5
	LET  shift 31
	IF  shift 7
	LPAR  shift 8
	LBRACKET  shift 9
	MATCH  shift 10
	FUN  shift 12
	FOR  shift 13
	WHILE  shift 14
	EXCLAMATION  shift 15
	.  error

	expr  goto 134
	dec  goto 33
	arith_expr  goto 21
	bool_expr  goto 22
	list_expr  goto 23
	factor_expr  goto 24
	app_expr  goto 25
	atomic_expr  goto 26


state 123
	dec_and : AND var . arg  (12)
	dec_and : AND var . arg dec_and  (13)

	ID  shift 27
	EQ  shift 67
	.  error

	arg  goto 135
	var  goto 69


state 124
	expr : IF expr THEN expr ELSE . expr  (20)

	INT  shift 3
	BOOL  shift 4
	ID  shift 5
	LET  shift 31
	IF  shift 7
	LPAR  shift 8
	LBRACKET  shift 9
	MATCH  shift 10
	FUN  shift 12
	FOR  shift 13
	WHILE  shift 14
	EXCLAMATION  shift 15
	.  error

	expr  goto 136
	dec  goto 33
	arith_expr  goto 21
	bool_expr  goto 22
	list_expr  goto 23
	factor_expr  goto 24
	app_expr  goto 25
	atomic_expr  goto 26


state 125
	atomic_expr : LPAR expr COMMA expr RPAR .  (53)

	.  reduce 53


state 126
	atomic_pattern : LPAR pattern . COMMA pattern RPAR  (65)
	atomic_pattern : LPAR pattern . RPAR  (67)

	RPAR  shift 137
	COMMA  shift 138
	.  error


state 127
	atomic_pattern : LBRACKET RBRACKET .  (66)

	.  reduce 66


state 128
	expr : MATCH expr WITH BAR cases .  (27)

	.  reduce 27


state 129
	cases : pattern ARROW . expr  (57)
	cases : pattern ARROW . expr BAR cases  (58)

	INT  shift 3
	BOOL  shift 4
	ID  shift 5
	LET  shift 31
	IF  shift 7
	LPAR  shift 8
	LBRACKET  shift 9
	MATCH  shift 10
	FUN  shift 12
	FOR  shift 13
	WHILE  shift 14
	EXCLAMATION  shift 15
	.  error

	expr  goto 139
	dec  goto 33
	arith_expr  goto 21
	bool_expr  goto 22
	list_expr  goto 23
	factor_expr  goto 24
	app_expr  goto 25
	atomic_expr  goto 26


state 130
	pattern : atomic_pattern CONS . pattern  (59)

	INT  shift 107
	BOOL  shift 108
	ID  shift 27
	LPAR  shift 109
	LBRACKET  shift 110
	WILDCARD  shift 112
	.  error

	var  goto 113
	pattern  goto 140
	atomic_pattern  goto 116


state 131
	expr : FOR var EQ expr TO . expr DO expr DONE  (31)

	INT  shift 3
	BOOL  shift 4
	ID  shift 5
	LET  shift 31
	IF  shift 7
	LPAR  shift 8
	LBRACKET  shift 9
	MATCH  shift 10
	FUN  shift 12
	FOR  shift 13
	WHILE  shift 14
	EXCLAMATION  shift 15
	.  error

	expr  goto 141
	dec  goto 33
	arith_expr  goto 21
	bool_expr  goto 22
	list_expr  goto 23
	factor_expr  goto 24
	app_expr  goto 25
	atomic_expr  goto 26


state 132
	expr : WHILE expr DO expr DONE .  (30)

	.  reduce 30


state 133
	rec_dec : var var arg AND . rec_dec  (15)

	ID  shift 27
	.  error

	rec_dec  goto 142
	var  goto 65


state 134
	expr : LET WILDCARD EQ expr IN expr .  (18)
	expr : expr . SEMI expr  (19)
	expr : expr . EQ expr  (22)
	expr : expr . LT expr  (23)
	expr : expr . ASSIGN expr  (29)
	list_expr : expr . CONS expr  (32)
	bool_expr : expr . LAND expr  (38)
	bool_expr : expr . LOR expr  (39)

	LAND  shift 46
	LOR  shift 47
	EQ  shift 48
	LT  shift 49
	SEMI  shift 51
	ASSIGN  shift 53
	LET  reduce 18
	IN  reduce 18
	AND  reduce 18
	THEN  reduce 18
	ELSE  reduce 18
	RPAR  reduce 18
	RBRACKET  reduce 18
	CONS  reduce 18
	COMMA  reduce 18
	WITH  reduce 18
	BAR  reduce 18
	SEMISEMI  reduce 18
	DO  reduce 18
	DONE  reduce 18
	TO  reduce 18


state 135
	dec_and : AND var arg .  (12)
	dec_and : AND var arg . dec_and  (13)

	AND  shift 99
	LET  reduce 12
	IN  reduce 12
	SEMISEMI  reduce 12

	dec_and  goto 143


state 136
	expr : expr . SEMI expr  (19)
	expr : IF expr THEN expr ELSE expr .  (20)
	expr : expr . EQ expr  (22)
	expr : expr . LT expr  (23)
	expr : expr . ASSIGN expr  (29)
	list_expr : expr . CONS expr  (32)
	bool_expr : expr . LAND expr  (38)
	bool_expr : expr . LOR expr  (39)

	LAND  shift 46
	LOR  shift 47
	EQ  shift 48
	LT  shift 49
	SEMI  shift 51
	ASSIGN  shift 53
	LET  reduce 20
	IN  reduce 20
	AND  reduce 20
	THEN  reduce 20
	ELSE  reduce 20
	RPAR  reduce 20
	RBRACKET  reduce 20
	CONS  reduce 20
	COMMA  reduce 20
	WITH  reduce 20
	BAR  reduce 20
	SEMISEMI  reduce 20
	DO  reduce 20
	DONE  reduce 20
	TO  reduce 20


state 137
	atomic_pattern : LPAR pattern RPAR .  (67)

	.  reduce 67


state 138
	atomic_pattern : LPAR pattern COMMA . pattern RPAR  (65)

	INT  shift 107
	BOOL  shift 108
	ID  shift 27
	LPAR  shift 109
	LBRACKET  shift 110
	WILDCARD  shift 112
	.  error

	var  goto 113
	pattern  goto 144
	atomic_pattern  goto 116


139: shift/reduce conflict (shift 145, reduce 57) on BAR
state 139
	expr : expr . SEMI expr  (19)
	expr : expr . EQ expr  (22)
	expr : expr . LT expr  (23)
	expr : expr . ASSIGN expr  (29)
	list_expr : expr . CONS expr  (32)
	bool_expr : expr . LAND expr  (38)
	bool_expr : expr . LOR expr  (39)
	cases : pattern ARROW expr .  (57)
	cases : pattern ARROW expr . BAR cases  (58)

	LAND  shift 46
	LOR  shift 47
	EQ  shift 48
	LT  shift 49
	BAR  shift 145
	ASSIGN  shift 53
	LET  reduce 57
	IN  reduce 57
	AND  reduce 57
	THEN  reduce 57
	ELSE  reduce 57
	RPAR  reduce 57
	RBRACKET  reduce 57
	CONS  reduce 57
	COMMA  reduce 57
	SEMI  reduce 57
	WITH  reduce 57
	SEMISEMI  reduce 57
	DO  reduce 57
	DONE  reduce 57
	TO  reduce 57


state 140
	pattern : atomic_pattern CONS pattern .  (59)

	.  reduce 59


state 141
	expr : expr . SEMI expr  (19)
	expr : expr . EQ expr  (22)
	expr : expr . LT expr  (23)
	expr : expr . ASSIGN expr  (29)
	expr : FOR var EQ expr TO expr . DO expr DONE  (31)
	list_expr : expr . CONS expr  (32)
	bool_expr : expr . LAND expr  (38)
	bool_expr : expr . LOR expr  (39)

	LAND  shift 46
	LOR  shift 47
	EQ  shift 48
	LT  shift 49
	CONS  shift 50
	SEMI  shift 51
	DO  shift 146
	ASSIGN  shift 53
	.  error


state 142
	rec_dec : var var arg AND rec_dec .  (15)

	.  reduce 15


state 143
	dec_and : AND var arg dec_and .  (13)

	.  reduce 13


state 144
	atomic_pattern : LPAR pattern COMMA pattern . RPAR  (65)

	RPAR  shift 147
	.  error


state 145
	cases : pattern ARROW expr BAR . cases  (58)

	INT  shift 107
	BOOL  shift 108
	ID  shift 27
	LPAR  shift 109
	LBRACKET  shift 110
	WILDCARD  shift 112
	.  error

	var  goto 113
	cases  goto 148
	pattern  goto 115
	atomic_pattern  goto 116


state 146
	expr : FOR var EQ expr TO expr DO . expr DONE  (31)

	INT  shift 3
	BOOL  shift 4
	ID  shift 5
	LET  shift 31
	IF  shift 7
	LPAR  shift 8
	LBRACKET  shift 9
	MATCH  shift 10
	FUN  shift 12
	FOR  shift 13
	WHILE  shift 14
	EXCLAMATION  shift 15
	.  error

	expr  goto 149
	dec  goto 33
	arith_expr  goto 21
	bool_expr  goto 22
	list_expr  goto 23
	factor_expr  goto 24
	app_expr  goto 25
	atomic_expr  goto 26


state 147
	atomic_pattern : LPAR pattern COMMA pattern RPAR .  (65)

	.  reduce 65


state 148
	cases : pattern ARROW expr BAR cases .  (58)

	.  reduce 58


state 149
	expr : expr . SEMI expr  (19)
	expr : expr . EQ expr  (22)
	expr : expr . LT expr  (23)
	expr : expr . ASSIGN expr  (29)
	expr : FOR var EQ expr TO expr DO expr . DONE  (31)
	list_expr : expr . CONS expr  (32)
	bool_expr : expr . LAND expr  (38)
	bool_expr : expr . LOR expr  (39)

	LAND  shift 46
	LOR  shift 47
	EQ  shift 48
	LT  shift 49
	CONS  shift 50
	SEMI  shift 51
	DONE  shift 150
	ASSIGN  shift 53
	.  error


state 150
	expr : FOR var EQ expr TO expr DO expr DONE .  (31)

	.  reduce 31


State 139 contains 1 shift/reduce conflict.


44 terminals, 21 nonterminals
69 grammar rules, 151 states
