0.416025 0.624037
0.408167 0.61225
0.404124 0.606186
0.402073 0.603109
0.401039 0.601559
0.40052 0.60078
0.40026 0.600391
0.40013 0.600196
0.400064 0.600098
0.400032 0.60005
0.400015 0.600026
0.400006 0.600014
0.400001 0.600009
0.399999 0.600006
0.399997 0.600005
0.399997 0.600004
0.399997 0.600004
0.399996 0.600004
0.399996 0.600004
0.399996 0.600004
0.399996 0.600004
0.399996 0.600004
0.399996 0.600004
0.399996 0.600004
0.399996 0.600004
0.399996 0.600004
0.399996 0.600004
0.399996 0.600004
0.399996 0.600004
0.399996 0.600004
0.399996 0.600004
0.399996 0.600004
0.399996 0.600004
0.399996 0.600004
0.399996 0.600004
0.399996 0.600004
0.399996 0.600004
0.399996 0.600004
